<?xml version="1.0" encoding="UTF-8"?>
<!-- Generated by org.testng.reporters.JUnitReportReporter -->
<testsuite hostname="DESKTOP-13BH4KV" failures="0" tests="1" name="pages.WelcomePage" time="3.269" errors="0" timestamp="2023-01-01T19:07:19 IST" skipped="0">
  <testcase classname="pages.WelcomePage" name="launchApplication" time="3.269"/>
  <system-out/>
</testsuite> <!-- pages.WelcomePage -->
