<?xml version="1.0" encoding="UTF-8"?>
<!-- Generated by org.testng.reporters.JUnitReportReporter -->
<testsuite hostname="DESKTOP-13BH4KV" failures="0" tests="1" name="testCases.CreateAccount" time="11.191" errors="0" timestamp="2023-01-01T21:38:38 IST" skipped="0">
  <testcase classname="testCases.CreateAccount" name="WelcomePage" time="11.191"/>
  <system-out/>
</testsuite> <!-- testCases.CreateAccount -->
