<?xml version="1.0" encoding="UTF-8"?>
<!-- Generated by org.testng.reporters.JUnitReportReporter -->
<testsuite hostname="DESKTOP-13BH4KV" failures="0" tests="1" name="testCases.SignIn" time="8.744" errors="0" timestamp="2023-01-01T22:24:28 IST" skipped="0">
  <testcase classname="testCases.SignIn" name="doSignIn" time="8.744"/>
  <system-out/>
</testsuite> <!-- testCases.SignIn -->
