<?xml version="1.0" encoding="UTF-8"?>
<!-- Generated by org.testng.reporters.JUnitReportReporter -->
<testsuite hostname="DESKTOP-13BH4KV" failures="0" tests="1" name="testCases.TC3_PurchaseItem" time="36.808" errors="0" timestamp="2023-01-05T01:28:05 IST" skipped="0">
  <testcase classname="testCases.TC3_PurchaseItem" name="purchaseItemFromList" time="36.808"/>
  <system-out/>
</testsuite> <!-- testCases.TC3_PurchaseItem -->
