<?xml version="1.0" encoding="UTF-8"?>
<!-- Generated by org.testng.reporters.JUnitReportReporter -->
<testsuite hostname="DESKTOP-13BH4KV" failures="0" tests="1" name="testCases.TC3_AddToCart" time="15.120" errors="0" timestamp="2023-01-04T23:43:10 IST" skipped="0">
  <testcase classname="testCases.TC3_AddToCart" name="addItemsToCard" time="15.120"/>
  <system-out/>
</testsuite> <!-- testCases.TC3_AddToCart -->
