<?xml version="1.0" encoding="UTF-8"?>
<!-- Generated by org.testng.reporters.JUnitReportReporter -->
<testsuite hostname="DESKTOP-13BH4KV" failures="0" tests="1" name="testCases.TC5_SignOut" time="11.987" errors="0" timestamp="2023-01-04T23:48:27 IST" skipped="0">
  <testcase classname="testCases.TC5_SignOut" name="clickOnSignOut" time="11.987"/>
  <system-out/>
</testsuite> <!-- testCases.TC5_SignOut -->
