<?xml version="1.0" encoding="UTF-8"?>
<!-- Generated by org.testng.reporters.JUnitReportReporter -->
<testsuite hostname="DESKTOP-13BH4KV" failures="0" tests="1" name="testCases.TC1_CreateAccount" time="16.955" errors="0" timestamp="2023-02-26T15:17:01 IST" skipped="0">
  <testcase classname="testCases.TC1_CreateAccount" name="WelcomePage" time="16.955"/>
  <system-out/>
</testsuite> <!-- testCases.TC1_CreateAccount -->
